Vercel CLI 50.9.6
Retrieving project…
Deploying seojoonkims-projects/polichat
Uploading [--------------------] (0.0B/185.7KB)
Uploading [=====---------------] (50.7KB/185.7KB)
Uploading [==========----------] (96.3KB/185.7KB)
Uploading [===============-----] (143.1KB/185.7KB)
Uploading [====================] (185.7KB/185.7KB)
Inspect: https://vercel.com/seojoonkims-projects/polichat/CUDrdYJg19ViwBeyMW3wE87WgGw7 [3s]
Production: https://polichat-5bxaq46lk-seojoonkims-projects.vercel.app [3s]
https://polichat-5bxaq46lk-seojoonkims-projects.vercel.appBuilding...
Building...
Building: Running build in Washington, D.C., USA (East) – iad1 (Turbo Build Machine)
Building: Build machine configuration: 30 cores, 60 GB
Building: Retrieving list of deployment files...
Building: Downloading 391 deployment files...
Building: Restored build cache from previous deployment (9AMSX422fGxm4RNxYe3c3oHVnsdS)
Building: Running "vercel build"
Building: Vercel CLI 50.18.2
Building: Installing dependencies...
Building: up to date in 780ms
Building: 109 packages are looking for funding
Building: run `npm fund` for details
Building: > polichat@0.1.0 build
Building: > tsc -b && vite build
Building: vite v6.4.1 building for production...
Building: transforming...
Building: ✓ 247 modules transformed.
Building: rendering chunks...
Building: computing gzip size...
Building: dist/index.html                       2.23 kB │ gzip:   1.12 kB
Building: dist/assets/AdminPage-DDbXBANV.css    5.02 kB │ gzip:   1.19 kB
Building: dist/assets/index-CIu0woIZ.css       59.51 kB │ gzip:  11.67 kB
Building: dist/assets/AdminPage-DQ1E2H21.js   159.76 kB │ gzip:  48.97 kB
Building: dist/assets/index-K2JYm4Vm.js       323.31 kB │ gzip: 101.75 kB
Building: ✓ built in 1.64s
Building: Build Completed in /vercel/output [7s]
Building: Deploying outputs...
Building: Warning: Provided `memory` setting in `vercel.json` is ignored on Active CPU billing. You can safely remove this setting from your configuration. Learn more: https://vercel.com/docs/fluid-compute/pricing
Building: Deployment completed
Building: Creating build cache...
[2K[1A[2K[GProduction: https://polichat-5bxaq46lk-seojoonkims-projects.vercel.app [24s]
Completing...
Aliased: https://polichat.kr [24s]
